<?xml version="1.0" encoding="UTF-8"?>
<testng-results ignored="0" total="1" passed="1" failed="0" skipped="0">
  <reporter-output>
  </reporter-output>
  <suite started-at="2025-06-27T17:32:55 IST" name="InetBankingV1" finished-at="2025-06-27T17:33:01 IST" duration-ms="5846">
    <groups>
    </groups>
    <test started-at="2025-06-27T17:32:55 IST" name="Banking App test" finished-at="2025-06-27T17:33:01 IST" duration-ms="5846">
      <class name="com.inetBanking.testCases.TC_LoginTest_001">
        <test-method is-config="true" signature="setup(java.lang.String)[pri:0, instance:com.inetBanking.testCases.TC_LoginTest_001@34e9fd99]" started-at="2025-06-27T17:32:55 IST" name="setup" finished-at="2025-06-27T17:32:58 IST" duration-ms="3313" status="PASS">
          <params>
            <param index="0">
              <value>
                <![CDATA[chrome]]>
              </value>
            </param>
          </params>
          <reporter-output>
          </reporter-output>
        </test-method> <!-- setup -->
        <test-method signature="loginTest()[pri:0, instance:com.inetBanking.testCases.TC_LoginTest_001@34e9fd99]" started-at="2025-06-27T17:32:58 IST" name="loginTest" finished-at="2025-06-27T17:33:00 IST" duration-ms="2366" status="PASS">
          <reporter-output>
          </reporter-output>
        </test-method> <!-- loginTest -->
        <test-method is-config="true" signature="tearDown()[pri:0, instance:com.inetBanking.testCases.TC_LoginTest_001@34e9fd99]" started-at="2025-06-27T17:33:00 IST" name="tearDown" finished-at="2025-06-27T17:33:01 IST" duration-ms="87" status="PASS">
          <reporter-output>
          </reporter-output>
        </test-method> <!-- tearDown -->
      </class> <!-- com.inetBanking.testCases.TC_LoginTest_001 -->
    </test> <!-- Banking App test -->
  </suite> <!-- InetBankingV1 -->
</testng-results>
